2018-03-05 16:58:07,438 - Log4JLogChute initialized using file 'velocity.log'
2018-03-05 16:58:07,439 - Initializing Velocity, Calling init()...
2018-03-05 16:58:07,439 - Starting Apache Velocity v1.7 (compiled: 2010-11-19 12:14:37)
2018-03-05 16:58:07,439 - Default Properties File: org/apache/velocity/runtime/defaults/velocity.properties
2018-03-05 16:58:07,439 - Trying to use logger class org.apache.velocity.runtime.log.AvalonLogChute
2018-03-05 16:58:07,439 - Target log system for org.apache.velocity.runtime.log.AvalonLogChute is not available (java.lang.NoClassDefFoundError: org/apache/log/format/Formatter).  Falling back to next log system...
2018-03-05 16:58:07,439 - Trying to use logger class org.apache.velocity.runtime.log.Log4JLogChute
2018-03-05 16:58:07,439 - Using logger class org.apache.velocity.runtime.log.Log4JLogChute
2018-03-05 16:58:07,442 - ResourceLoader instantiated: org.apache.velocity.runtime.resource.loader.ClasspathResourceLoader
2018-03-05 16:58:07,451 - ResourceCache: initialized (class org.apache.velocity.runtime.resource.ResourceCacheImpl) with class java.util.Collections$SynchronizedMap cache map.
2018-03-05 16:58:07,453 - Loaded System Directive: org.apache.velocity.runtime.directive.Stop
2018-03-05 16:58:07,454 - Loaded System Directive: org.apache.velocity.runtime.directive.Define
2018-03-05 16:58:07,455 - Loaded System Directive: org.apache.velocity.runtime.directive.Break
2018-03-05 16:58:07,455 - Loaded System Directive: org.apache.velocity.runtime.directive.Evaluate
2018-03-05 16:58:07,456 - Loaded System Directive: org.apache.velocity.runtime.directive.Literal
2018-03-05 16:58:07,457 - Loaded System Directive: org.apache.velocity.runtime.directive.Macro
2018-03-05 16:58:07,458 - Loaded System Directive: org.apache.velocity.runtime.directive.Parse
2018-03-05 16:58:07,459 - Loaded System Directive: org.apache.velocity.runtime.directive.Include
2018-03-05 16:58:07,460 - Loaded System Directive: org.apache.velocity.runtime.directive.Foreach
2018-03-05 16:58:07,460 - Loaded User Directive: org.fanlychie.mybatis.directive.GenerateFieldsDirective
2018-03-05 16:58:07,460 - Loaded User Directive: org.fanlychie.mybatis.directive.GenerateGetSetDirective
2018-03-05 16:58:07,461 - Loaded User Directive: org.fanlychie.mybatis.directive.GenerateToStringDirective
2018-03-05 16:58:07,461 - Loaded User Directive: org.fanlychie.mybatis.directive.GenerateEqualsDirective
2018-03-05 16:58:07,495 - Created '20' parsers.
2018-03-05 16:58:07,500 - Velocimacro : "velocimacro.library" is not set.  Trying default library: VM_global_library.vm
2018-03-05 16:58:07,501 - Could not load resource 'VM_global_library.vm' from ResourceLoader org.apache.velocity.runtime.resource.loader.ClasspathResourceLoader: ClasspathResourceLoader Error: cannot find resource VM_global_library.vm
2018-03-05 16:58:07,501 - Velocimacro : Default library not found.
2018-03-05 16:58:07,501 - Velocimacro : allowInline = true : VMs can be defined inline in templates
2018-03-05 16:58:07,501 - Velocimacro : allowInlineToOverride = false : VMs defined inline may NOT replace previous VM definitions
2018-03-05 16:58:07,501 - Velocimacro : allowInlineLocal = false : VMs defined inline will be global in scope if allowed.
2018-03-05 16:58:07,501 - Velocimacro : autoload off : VM system will not automatically reload global library macros
2018-03-05 16:58:07,523 - ResourceManager : found /org/fanlychie/mybatis/template/vm/EntityBase.vm with loader org.apache.velocity.runtime.resource.loader.ClasspathResourceLoader
2018-03-05 17:07:06,124 - Log4JLogChute initialized using file 'velocity.log'
2018-03-05 17:07:06,124 - Initializing Velocity, Calling init()...
2018-03-05 17:07:06,124 - Starting Apache Velocity v1.7 (compiled: 2010-11-19 12:14:37)
2018-03-05 17:07:06,124 - Default Properties File: org/apache/velocity/runtime/defaults/velocity.properties
2018-03-05 17:07:06,124 - Trying to use logger class org.apache.velocity.runtime.log.AvalonLogChute
2018-03-05 17:07:06,124 - Target log system for org.apache.velocity.runtime.log.AvalonLogChute is not available (java.lang.NoClassDefFoundError: org/apache/log/format/Formatter).  Falling back to next log system...
2018-03-05 17:07:06,125 - Trying to use logger class org.apache.velocity.runtime.log.Log4JLogChute
2018-03-05 17:07:06,125 - Using logger class org.apache.velocity.runtime.log.Log4JLogChute
2018-03-05 17:07:06,127 - ResourceLoader instantiated: org.apache.velocity.runtime.resource.loader.ClasspathResourceLoader
2018-03-05 17:07:06,133 - ResourceCache: initialized (class org.apache.velocity.runtime.resource.ResourceCacheImpl) with class java.util.Collections$SynchronizedMap cache map.
2018-03-05 17:07:06,134 - Loaded System Directive: org.apache.velocity.runtime.directive.Stop
2018-03-05 17:07:06,135 - Loaded System Directive: org.apache.velocity.runtime.directive.Define
2018-03-05 17:07:06,136 - Loaded System Directive: org.apache.velocity.runtime.directive.Break
2018-03-05 17:07:06,137 - Loaded System Directive: org.apache.velocity.runtime.directive.Evaluate
2018-03-05 17:07:06,137 - Loaded System Directive: org.apache.velocity.runtime.directive.Literal
2018-03-05 17:07:06,138 - Loaded System Directive: org.apache.velocity.runtime.directive.Macro
2018-03-05 17:07:06,139 - Loaded System Directive: org.apache.velocity.runtime.directive.Parse
2018-03-05 17:07:06,140 - Loaded System Directive: org.apache.velocity.runtime.directive.Include
2018-03-05 17:07:06,141 - Loaded System Directive: org.apache.velocity.runtime.directive.Foreach
2018-03-05 17:07:06,141 - Loaded User Directive: org.fanlychie.mybatis.directive.GenerateFieldsDirective
2018-03-05 17:07:06,142 - Loaded User Directive: org.fanlychie.mybatis.directive.GenerateGetSetDirective
2018-03-05 17:07:06,142 - Loaded User Directive: org.fanlychie.mybatis.directive.GenerateToStringDirective
2018-03-05 17:07:06,142 - Loaded User Directive: org.fanlychie.mybatis.directive.GenerateEqualsDirective
2018-03-05 17:07:06,168 - Created '20' parsers.
2018-03-05 17:07:06,172 - Velocimacro : "velocimacro.library" is not set.  Trying default library: VM_global_library.vm
2018-03-05 17:07:06,173 - Could not load resource 'VM_global_library.vm' from ResourceLoader org.apache.velocity.runtime.resource.loader.ClasspathResourceLoader: ClasspathResourceLoader Error: cannot find resource VM_global_library.vm
2018-03-05 17:07:06,173 - Velocimacro : Default library not found.
2018-03-05 17:07:06,173 - Velocimacro : allowInline = true : VMs can be defined inline in templates
2018-03-05 17:07:06,173 - Velocimacro : allowInlineToOverride = false : VMs defined inline may NOT replace previous VM definitions
2018-03-05 17:07:06,173 - Velocimacro : allowInlineLocal = false : VMs defined inline will be global in scope if allowed.
2018-03-05 17:07:06,173 - Velocimacro : autoload off : VM system will not automatically reload global library macros
2018-03-05 17:07:06,202 - ResourceManager : found /org/fanlychie/mybatis/template/vm/EntityBase.vm with loader org.apache.velocity.runtime.resource.loader.ClasspathResourceLoader
